<?xml version="1.0" encoding="UTF-8"?>
<!-- Generated by org.testng.reporters.JUnitReportReporter -->
<testsuite skipped="0" hostname="DESKTOP-J4T92VH" name="Testcase.goIbibo" tests="1" failures="0" timestamp="11 Aug 2020 08:46:56 GMT" time="44.397" errors="0">
  <testcase name="f" time="44.397" classname="Testcase.goIbibo"/>
</testsuite> <!-- Testcase.goIbibo -->
